{"D:\\SportsZoneProject Final Year\\SportsZone-Backend\\config\\firebase-config.js": {"path":"D:\\SportsZoneProject Final Year\\SportsZone-Backend\\config\\firebase-config.js","statementMap":{"0":{"start":{"line":2,"column":14},"end":{"line":2,"column":39}},"1":{"start":{"line":3,"column":26},"end":{"line":3,"column":49}},"2":{"start":{"line":4,"column":20},"end":{"line":4,"column":44}},"3":{"start":{"line":5,"column":23},"end":{"line":5,"column":59}},"4":{"start":{"line":6,"column":0},"end":{"line":6,"column":27}},"5":{"start":{"line":9,"column":0},"end":{"line":11,"column":3}},"6":{"start":{"line":13,"column":23},"end":{"line":17,"column":1}},"7":{"start":{"line":19,"column":18},"end":{"line":19,"column":47}},"8":{"start":{"line":20,"column":13},"end":{"line":20,"column":31}},"9":{"start":{"line":22,"column":0},"end":{"line":25,"column":2}}},"fnMap":{},"branchMap":{},"s":{"0":1,"1":1,"2":1,"3":1,"4":1,"5":1,"6":1,"7":1,"8":1,"9":1},"f":{},"b":{},"_coverageSchema":"1a1c01bbd47fc00a2c39e90264f33305004495a9","hash":"52601150dd9473f843e24f6a0ccd7cdefea6339c"}
,"D:\\SportsZoneProject Final Year\\SportsZone-Backend\\config\\jwt_config.js": {"path":"D:\\SportsZoneProject Final Year\\SportsZone-Backend\\config\\jwt_config.js","statementMap":{"0":{"start":{"line":1,"column":12},"end":{"line":1,"column":35}},"1":{"start":{"line":3,"column":19},"end":{"line":3,"column":62}},"2":{"start":{"line":4,"column":23},"end":{"line":4,"column":28}},"3":{"start":{"line":6,"column":22},"end":{"line":8,"column":1}},"4":{"start":{"line":7,"column":2},"end":{"line":7,"column":70}},"5":{"start":{"line":10,"column":20},"end":{"line":12,"column":1}},"6":{"start":{"line":11,"column":2},"end":{"line":11,"column":39}},"7":{"start":{"line":14,"column":0},"end":{"line":14,"column":48}}},"fnMap":{"0":{"name":"(anonymous_0)","decl":{"start":{"line":6,"column":22},"end":{"line":6,"column":23}},"loc":{"start":{"line":6,"column":35},"end":{"line":8,"column":1}},"line":6},"1":{"name":"(anonymous_1)","decl":{"start":{"line":10,"column":20},"end":{"line":10,"column":21}},"loc":{"start":{"line":10,"column":31},"end":{"line":12,"column":1}},"line":10}},"branchMap":{"0":{"loc":{"start":{"line":3,"column":19},"end":{"line":3,"column":62}},"type":"binary-expr","locations":[{"start":{"line":3,"column":19},"end":{"line":3,"column":41}},{"start":{"line":3,"column":45},"end":{"line":3,"column":62}}],"line":3}},"s":{"0":1,"1":1,"2":1,"3":1,"4":0,"5":1,"6":0,"7":1},"f":{"0":0,"1":0},"b":{"0":[1,1]},"_coverageSchema":"1a1c01bbd47fc00a2c39e90264f33305004495a9","hash":"6c2f9cfdf0fe3eaabefc1753d202772496c6f8cd"}
,"D:\\SportsZoneProject Final Year\\SportsZone-Backend\\controller\\authController.js": {"path":"D:\\SportsZoneProject Final Year\\SportsZone-Backend\\controller\\authController.js","statementMap":{"0":{"start":{"line":2,"column":24},"end":{"line":2,"column":60}},"1":{"start":{"line":9,"column":4},"end":{"line":9,"column":28}},"2":{"start":{"line":10,"column":13},"end":{"line":10,"column":43}},"3":{"start":{"line":11,"column":42},"end":{"line":11,"column":76}},"4":{"start":{"line":12,"column":26},"end":{"line":12,"column":57}},"5":{"start":{"line":14,"column":23},"end":{"line":405,"column":1}},"6":{"start":{"line":16,"column":4},"end":{"line":71,"column":5}},"7":{"start":{"line":17,"column":63},"end":{"line":17,"column":71}},"8":{"start":{"line":20,"column":27},"end":{"line":20,"column":56}},"9":{"start":{"line":21,"column":6},"end":{"line":23,"column":7}},"10":{"start":{"line":22,"column":8},"end":{"line":22,"column":72}},"11":{"start":{"line":26,"column":29},"end":{"line":30,"column":7}},"12":{"start":{"line":31,"column":27},"end":{"line":31,"column":46}},"13":{"start":{"line":34,"column":29},"end":{"line":34,"column":57}},"14":{"start":{"line":37,"column":6},"end":{"line":37,"column":48}},"15":{"start":{"line":40,"column":19},"end":{"line":50,"column":8}},"16":{"start":{"line":52,"column":6},"end":{"line":52,"column":24}},"17":{"start":{"line":55,"column":20},"end":{"line":58,"column":8}},"18":{"start":{"line":60,"column":6},"end":{"line":64,"column":9}},"19":{"start":{"line":66,"column":6},"end":{"line":66,"column":44}},"20":{"start":{"line":67,"column":6},"end":{"line":70,"column":9}},"21":{"start":{"line":75,"column":4},"end":{"line":143,"column":5}},"22":{"start":{"line":76,"column":34},"end":{"line":76,"column":42}},"23":{"start":{"line":79,"column":19},"end":{"line":79,"column":48}},"24":{"start":{"line":80,"column":6},"end":{"line":82,"column":7}},"25":{"start":{"line":81,"column":8},"end":{"line":81,"column":67}},"26":{"start":{"line":85,"column":30},"end":{"line":85,"column":76}},"27":{"start":{"line":86,"column":6},"end":{"line":88,"column":7}},"28":{"start":{"line":87,"column":8},"end":{"line":87,"column":72}},"29":{"start":{"line":91,"column":29},"end":{"line":95,"column":7}},"30":{"start":{"line":96,"column":27},"end":{"line":96,"column":46}},"31":{"start":{"line":99,"column":6},"end":{"line":104,"column":7}},"32":{"start":{"line":100,"column":8},"end":{"line":103,"column":11}},"33":{"start":{"line":107,"column":28},"end":{"line":107,"column":59}},"34":{"start":{"line":110,"column":20},"end":{"line":114,"column":8}},"35":{"start":{"line":117,"column":6},"end":{"line":120,"column":7}},"36":{"start":{"line":118,"column":8},"end":{"line":118,"column":36}},"37":{"start":{"line":119,"column":8},"end":{"line":119,"column":26}},"38":{"start":{"line":122,"column":33},"end":{"line":122,"column":50}},"39":{"start":{"line":124,"column":6},"end":{"line":136,"column":9}},"40":{"start":{"line":138,"column":6},"end":{"line":138,"column":43}},"41":{"start":{"line":139,"column":6},"end":{"line":142,"column":9}},"42":{"start":{"line":147,"column":4},"end":{"line":177,"column":5}},"43":{"start":{"line":148,"column":24},"end":{"line":148,"column":32}},"44":{"start":{"line":151,"column":19},"end":{"line":151,"column":48}},"45":{"start":{"line":152,"column":6},"end":{"line":154,"column":7}},"46":{"start":{"line":153,"column":8},"end":{"line":153,"column":67}},"47":{"start":{"line":157,"column":6},"end":{"line":157,"column":48}},"48":{"start":{"line":160,"column":25},"end":{"line":160,"column":60}},"49":{"start":{"line":163,"column":6},"end":{"line":163,"column":43}},"50":{"start":{"line":164,"column":6},"end":{"line":164,"column":55}},"51":{"start":{"line":165,"column":6},"end":{"line":165,"column":24}},"52":{"start":{"line":167,"column":6},"end":{"line":170,"column":9}},"53":{"start":{"line":172,"column":6},"end":{"line":172,"column":53}},"54":{"start":{"line":173,"column":6},"end":{"line":176,"column":9}},"55":{"start":{"line":181,"column":4},"end":{"line":218,"column":5}},"56":{"start":{"line":182,"column":37},"end":{"line":182,"column":45}},"57":{"start":{"line":185,"column":19},"end":{"line":188,"column":8}},"58":{"start":{"line":190,"column":6},"end":{"line":194,"column":7}},"59":{"start":{"line":191,"column":8},"end":{"line":193,"column":63}},"60":{"start":{"line":197,"column":27},"end":{"line":197,"column":71}},"61":{"start":{"line":198,"column":6},"end":{"line":200,"column":9}},"62":{"start":{"line":203,"column":29},"end":{"line":203,"column":60}},"63":{"start":{"line":206,"column":6},"end":{"line":206,"column":37}},"64":{"start":{"line":207,"column":6},"end":{"line":207,"column":42}},"65":{"start":{"line":208,"column":6},"end":{"line":208,"column":44}},"66":{"start":{"line":209,"column":6},"end":{"line":209,"column":24}},"67":{"start":{"line":211,"column":6},"end":{"line":211,"column":57}},"68":{"start":{"line":213,"column":6},"end":{"line":213,"column":52}},"69":{"start":{"line":214,"column":6},"end":{"line":217,"column":9}},"70":{"start":{"line":222,"column":4},"end":{"line":257,"column":5}},"71":{"start":{"line":223,"column":24},"end":{"line":223,"column":34}},"72":{"start":{"line":226,"column":22},"end":{"line":226,"column":63}},"73":{"start":{"line":227,"column":19},"end":{"line":227,"column":54}},"74":{"start":{"line":229,"column":6},"end":{"line":231,"column":7}},"75":{"start":{"line":230,"column":8},"end":{"line":230,"column":67}},"76":{"start":{"line":234,"column":27},"end":{"line":234,"column":71}},"77":{"start":{"line":236,"column":6},"end":{"line":241,"column":7}},"78":{"start":{"line":238,"column":8},"end":{"line":240,"column":11}},"79":{"start":{"line":244,"column":6},"end":{"line":244,"column":34}},"80":{"start":{"line":245,"column":6},"end":{"line":245,"column":24}},"81":{"start":{"line":247,"column":6},"end":{"line":250,"column":9}},"82":{"start":{"line":252,"column":6},"end":{"line":252,"column":56}},"83":{"start":{"line":253,"column":6},"end":{"line":256,"column":9}},"84":{"start":{"line":261,"column":4},"end":{"line":292,"column":5}},"85":{"start":{"line":262,"column":24},"end":{"line":262,"column":32}},"86":{"start":{"line":265,"column":19},"end":{"line":265,"column":48}},"87":{"start":{"line":266,"column":6},"end":{"line":268,"column":7}},"88":{"start":{"line":267,"column":8},"end":{"line":267,"column":67}},"89":{"start":{"line":271,"column":6},"end":{"line":273,"column":7}},"90":{"start":{"line":272,"column":8},"end":{"line":272,"column":78}},"91":{"start":{"line":276,"column":27},"end":{"line":276,"column":71}},"92":{"start":{"line":279,"column":26},"end":{"line":281,"column":44}},"93":{"start":{"line":282,"column":6},"end":{"line":282,"column":53}},"94":{"start":{"line":283,"column":6},"end":{"line":283,"column":52}},"95":{"start":{"line":285,"column":6},"end":{"line":285,"column":70}},"96":{"start":{"line":287,"column":6},"end":{"line":287,"column":57}},"97":{"start":{"line":288,"column":6},"end":{"line":291,"column":9}},"98":{"start":{"line":296,"column":4},"end":{"line":334,"column":5}},"99":{"start":{"line":297,"column":25},"end":{"line":297,"column":33}},"100":{"start":{"line":298,"column":47},"end":{"line":298,"column":55}},"101":{"start":{"line":301,"column":19},"end":{"line":301,"column":46}},"102":{"start":{"line":302,"column":6},"end":{"line":304,"column":7}},"103":{"start":{"line":303,"column":8},"end":{"line":303,"column":67}},"104":{"start":{"line":307,"column":30},"end":{"line":310,"column":7}},"105":{"start":{"line":311,"column":6},"end":{"line":315,"column":7}},"106":{"start":{"line":312,"column":8},"end":{"line":314,"column":62}},"107":{"start":{"line":318,"column":6},"end":{"line":318,"column":58}},"108":{"start":{"line":321,"column":29},"end":{"line":321,"column":60}},"109":{"start":{"line":324,"column":6},"end":{"line":324,"column":37}},"110":{"start":{"line":325,"column":6},"end":{"line":325,"column":24}},"111":{"start":{"line":327,"column":6},"end":{"line":327,"column":61}},"112":{"start":{"line":329,"column":6},"end":{"line":329,"column":53}},"113":{"start":{"line":330,"column":6},"end":{"line":333,"column":9}},"114":{"start":{"line":338,"column":4},"end":{"line":372,"column":5}},"115":{"start":{"line":339,"column":25},"end":{"line":339,"column":33}},"116":{"start":{"line":340,"column":25},"end":{"line":340,"column":33}},"117":{"start":{"line":342,"column":26},"end":{"line":342,"column":76}},"118":{"start":{"line":343,"column":25},"end":{"line":348,"column":7}},"119":{"start":{"line":350,"column":29},"end":{"line":353,"column":7}},"120":{"start":{"line":352,"column":10},"end":{"line":352,"column":77}},"121":{"start":{"line":355,"column":6},"end":{"line":359,"column":7}},"122":{"start":{"line":356,"column":8},"end":{"line":358,"column":65}},"123":{"start":{"line":361,"column":6},"end":{"line":364,"column":9}},"124":{"start":{"line":366,"column":6},"end":{"line":366,"column":65}},"125":{"start":{"line":368,"column":6},"end":{"line":368,"column":48}},"126":{"start":{"line":369,"column":6},"end":{"line":371,"column":70}},"127":{"start":{"line":380,"column":2},"end":{"line":403,"column":3}},"128":{"start":{"line":381,"column":23},"end":{"line":381,"column":31}},"129":{"start":{"line":384,"column":17},"end":{"line":384,"column":44}},"130":{"start":{"line":385,"column":4},"end":{"line":387,"column":5}},"131":{"start":{"line":386,"column":6},"end":{"line":386,"column":65}},"132":{"start":{"line":393,"column":4},"end":{"line":393,"column":33}},"133":{"start":{"line":394,"column":4},"end":{"line":394,"column":22}},"134":{"start":{"line":396,"column":4},"end":{"line":396,"column":59}},"135":{"start":{"line":398,"column":4},"end":{"line":398,"column":42}},"136":{"start":{"line":399,"column":4},"end":{"line":402,"column":7}},"137":{"start":{"line":408,"column":0},"end":{"line":408,"column":32}}},"fnMap":{"0":{"name":"(anonymous_0)","decl":{"start":{"line":15,"column":10},"end":{"line":15,"column":11}},"loc":{"start":{"line":15,"column":30},"end":{"line":72,"column":3}},"line":15},"1":{"name":"(anonymous_1)","decl":{"start":{"line":74,"column":9},"end":{"line":74,"column":10}},"loc":{"start":{"line":74,"column":29},"end":{"line":144,"column":3}},"line":74},"2":{"name":"(anonymous_2)","decl":{"start":{"line":146,"column":18},"end":{"line":146,"column":19}},"loc":{"start":{"line":146,"column":38},"end":{"line":178,"column":3}},"line":146},"3":{"name":"(anonymous_3)","decl":{"start":{"line":180,"column":17},"end":{"line":180,"column":18}},"loc":{"start":{"line":180,"column":37},"end":{"line":219,"column":3}},"line":180},"4":{"name":"(anonymous_4)","decl":{"start":{"line":221,"column":15},"end":{"line":221,"column":16}},"loc":{"start":{"line":221,"column":35},"end":{"line":258,"column":3}},"line":221},"5":{"name":"(anonymous_5)","decl":{"start":{"line":260,"column":27},"end":{"line":260,"column":28}},"loc":{"start":{"line":260,"column":47},"end":{"line":293,"column":3}},"line":260},"6":{"name":"(anonymous_6)","decl":{"start":{"line":295,"column":18},"end":{"line":295,"column":19}},"loc":{"start":{"line":295,"column":38},"end":{"line":335,"column":3}},"line":295},"7":{"name":"(anonymous_7)","decl":{"start":{"line":337,"column":14},"end":{"line":337,"column":15}},"loc":{"start":{"line":337,"column":34},"end":{"line":373,"column":3}},"line":337},"8":{"name":"(anonymous_8)","decl":{"start":{"line":351,"column":8},"end":{"line":351,"column":9}},"loc":{"start":{"line":352,"column":10},"end":{"line":352,"column":77}},"line":352},"9":{"name":"(anonymous_9)","decl":{"start":{"line":379,"column":8},"end":{"line":379,"column":9}},"loc":{"start":{"line":379,"column":28},"end":{"line":404,"column":1}},"line":379}},"branchMap":{"0":{"loc":{"start":{"line":21,"column":6},"end":{"line":23,"column":7}},"type":"if","locations":[{"start":{"line":21,"column":6},"end":{"line":23,"column":7}},{"start":{},"end":{}}],"line":21},"1":{"loc":{"start":{"line":80,"column":6},"end":{"line":82,"column":7}},"type":"if","locations":[{"start":{"line":80,"column":6},"end":{"line":82,"column":7}},{"start":{},"end":{}}],"line":80},"2":{"loc":{"start":{"line":86,"column":6},"end":{"line":88,"column":7}},"type":"if","locations":[{"start":{"line":86,"column":6},"end":{"line":88,"column":7}},{"start":{},"end":{}}],"line":86},"3":{"loc":{"start":{"line":99,"column":6},"end":{"line":104,"column":7}},"type":"if","locations":[{"start":{"line":99,"column":6},"end":{"line":104,"column":7}},{"start":{},"end":{}}],"line":99},"4":{"loc":{"start":{"line":117,"column":6},"end":{"line":120,"column":7}},"type":"if","locations":[{"start":{"line":117,"column":6},"end":{"line":120,"column":7}},{"start":{},"end":{}}],"line":117},"5":{"loc":{"start":{"line":117,"column":10},"end":{"line":117,"column":61}},"type":"binary-expr","locations":[{"start":{"line":117,"column":10},"end":{"line":117,"column":36}},{"start":{"line":117,"column":40},"end":{"line":117,"column":61}}],"line":117},"6":{"loc":{"start":{"line":152,"column":6},"end":{"line":154,"column":7}},"type":"if","locations":[{"start":{"line":152,"column":6},"end":{"line":154,"column":7}},{"start":{},"end":{}}],"line":152},"7":{"loc":{"start":{"line":190,"column":6},"end":{"line":194,"column":7}},"type":"if","locations":[{"start":{"line":190,"column":6},"end":{"line":194,"column":7}},{"start":{},"end":{}}],"line":190},"8":{"loc":{"start":{"line":229,"column":6},"end":{"line":231,"column":7}},"type":"if","locations":[{"start":{"line":229,"column":6},"end":{"line":231,"column":7}},{"start":{},"end":{}}],"line":229},"9":{"loc":{"start":{"line":236,"column":6},"end":{"line":241,"column":7}},"type":"if","locations":[{"start":{"line":236,"column":6},"end":{"line":241,"column":7}},{"start":{},"end":{}}],"line":236},"10":{"loc":{"start":{"line":266,"column":6},"end":{"line":268,"column":7}},"type":"if","locations":[{"start":{"line":266,"column":6},"end":{"line":268,"column":7}},{"start":{},"end":{}}],"line":266},"11":{"loc":{"start":{"line":271,"column":6},"end":{"line":273,"column":7}},"type":"if","locations":[{"start":{"line":271,"column":6},"end":{"line":273,"column":7}},{"start":{},"end":{}}],"line":271},"12":{"loc":{"start":{"line":302,"column":6},"end":{"line":304,"column":7}},"type":"if","locations":[{"start":{"line":302,"column":6},"end":{"line":304,"column":7}},{"start":{},"end":{}}],"line":302},"13":{"loc":{"start":{"line":311,"column":6},"end":{"line":315,"column":7}},"type":"if","locations":[{"start":{"line":311,"column":6},"end":{"line":315,"column":7}},{"start":{},"end":{}}],"line":311},"14":{"loc":{"start":{"line":352,"column":10},"end":{"line":352,"column":77}},"type":"binary-expr","locations":[{"start":{"line":352,"column":10},"end":{"line":352,"column":38}},{"start":{"line":352,"column":42},"end":{"line":352,"column":77}}],"line":352},"15":{"loc":{"start":{"line":355,"column":6},"end":{"line":359,"column":7}},"type":"if","locations":[{"start":{"line":355,"column":6},"end":{"line":359,"column":7}},{"start":{},"end":{}}],"line":355},"16":{"loc":{"start":{"line":385,"column":4},"end":{"line":387,"column":5}},"type":"if","locations":[{"start":{"line":385,"column":4},"end":{"line":387,"column":5}},{"start":{},"end":{}}],"line":385}},"s":{"0":1,"1":1,"2":1,"3":1,"4":1,"5":1,"6":3,"7":3,"8":3,"9":3,"10":1,"11":2,"12":1,"13":1,"14":1,"15":1,"16":1,"17":1,"18":1,"19":1,"20":1,"21":5,"22":5,"23":5,"24":5,"25":1,"26":4,"27":4,"28":1,"29":3,"30":3,"31":3,"32":1,"33":2,"34":2,"35":2,"36":1,"37":1,"38":2,"39":2,"40":0,"41":0,"42":3,"43":3,"44":3,"45":3,"46":1,"47":2,"48":1,"49":1,"50":1,"51":1,"52":1,"53":1,"54":1,"55":2,"56":2,"57":2,"58":2,"59":1,"60":1,"61":1,"62":1,"63":1,"64":1,"65":1,"66":1,"67":1,"68":0,"69":0,"70":0,"71":0,"72":0,"73":0,"74":0,"75":0,"76":0,"77":0,"78":0,"79":0,"80":0,"81":0,"82":0,"83":0,"84":0,"85":0,"86":0,"87":0,"88":0,"89":0,"90":0,"91":0,"92":0,"93":0,"94":0,"95":0,"96":0,"97":0,"98":0,"99":0,"100":0,"101":0,"102":0,"103":0,"104":0,"105":0,"106":0,"107":0,"108":0,"109":0,"110":0,"111":0,"112":0,"113":0,"114":2,"115":2,"116":2,"117":2,"118":2,"119":2,"120":3,"121":2,"122":1,"123":1,"124":1,"125":0,"126":0,"127":3,"128":3,"129":3,"130":2,"131":1,"132":1,"133":1,"134":1,"135":1,"136":1,"137":1},"f":{"0":3,"1":5,"2":3,"3":2,"4":0,"5":0,"6":0,"7":2,"8":3,"9":3},"b":{"0":[1,2],"1":[1,4],"2":[1,3],"3":[1,2],"4":[1,1],"5":[2,2],"6":[1,2],"7":[1,1],"8":[0,0],"9":[0,0],"10":[0,0],"11":[0,0],"12":[0,0],"13":[0,0],"14":[3,2],"15":[1,1],"16":[1,1]},"_coverageSchema":"1a1c01bbd47fc00a2c39e90264f33305004495a9","hash":"ecaf450c485c8b87895b6dc32639a06449d128a2"}
,"D:\\SportsZoneProject Final Year\\SportsZone-Backend\\models\\userModel.js": {"path":"D:\\SportsZoneProject Final Year\\SportsZone-Backend\\models\\userModel.js","statementMap":{"0":{"start":{"line":1,"column":17},"end":{"line":1,"column":36}},"1":{"start":{"line":3,"column":19},"end":{"line":22,"column":2}},"2":{"start":{"line":24,"column":0},"end":{"line":24,"column":52}}},"fnMap":{},"branchMap":{},"s":{"0":1,"1":1,"2":1},"f":{},"b":{},"_coverageSchema":"1a1c01bbd47fc00a2c39e90264f33305004495a9","hash":"aeebde22e5bca1bf9ae91c246eef91c4da84ce07"}
,"D:\\SportsZoneProject Final Year\\SportsZone-Backend\\utils\\password_utils.js": {"path":"D:\\SportsZoneProject Final Year\\SportsZone-Backend\\utils\\password_utils.js","statementMap":{"0":{"start":{"line":1,"column":15},"end":{"line":1,"column":34}},"1":{"start":{"line":3,"column":21},"end":{"line":6,"column":1}},"2":{"start":{"line":4,"column":15},"end":{"line":4,"column":39}},"3":{"start":{"line":5,"column":2},"end":{"line":5,"column":37}},"4":{"start":{"line":8,"column":24},"end":{"line":10,"column":1}},"5":{"start":{"line":9,"column":2},"end":{"line":9,"column":50}},"6":{"start":{"line":12,"column":0},"end":{"line":12,"column":51}}},"fnMap":{"0":{"name":"(anonymous_0)","decl":{"start":{"line":3,"column":21},"end":{"line":3,"column":22}},"loc":{"start":{"line":3,"column":41},"end":{"line":6,"column":1}},"line":3},"1":{"name":"(anonymous_1)","decl":{"start":{"line":8,"column":24},"end":{"line":8,"column":25}},"loc":{"start":{"line":8,"column":60},"end":{"line":10,"column":1}},"line":8}},"branchMap":{},"s":{"0":1,"1":1,"2":0,"3":0,"4":1,"5":0,"6":1},"f":{"0":0,"1":0},"b":{},"_coverageSchema":"1a1c01bbd47fc00a2c39e90264f33305004495a9","hash":"333a67281bb09e713eed9eead47ae5fb62184faa"}
}
