TN:
SF:config\firebase-config.js
FNF:0
FNH:0
DA:2,1
DA:3,1
DA:4,1
DA:5,1
DA:6,1
DA:9,1
DA:13,1
DA:19,1
DA:20,1
DA:22,1
LF:10
LH:10
BRF:0
BRH:0
end_of_record
TN:
SF:config\jwt_config.js
FN:6,(anonymous_0)
FN:10,(anonymous_1)
FNF:2
FNH:0
FNDA:0,(anonymous_0)
FNDA:0,(anonymous_1)
DA:1,1
DA:3,1
DA:4,1
DA:6,1
DA:7,0
DA:10,1
DA:11,0
DA:14,1
LF:8
LH:6
BRDA:3,0,0,1
BRDA:3,0,1,1
BRF:2
BRH:2
end_of_record
TN:
SF:controller\authController.js
FN:15,(anonymous_0)
FN:74,(anonymous_1)
FN:146,(anonymous_2)
FN:180,(anonymous_3)
FN:221,(anonymous_4)
FN:260,(anonymous_5)
FN:295,(anonymous_6)
FN:337,(anonymous_7)
FN:351,(anonymous_8)
FN:380,(anonymous_9)
FNF:10
FNH:5
FNDA:3,(anonymous_0)
FNDA:5,(anonymous_1)
FNDA:3,(anonymous_2)
FNDA:0,(anonymous_3)
FNDA:0,(anonymous_4)
FNDA:0,(anonymous_5)
FNDA:0,(anonymous_6)
FNDA:2,(anonymous_7)
FNDA:3,(anonymous_8)
FNDA:0,(anonymous_9)
DA:2,1
DA:9,1
DA:10,1
DA:11,1
DA:12,1
DA:14,1
DA:16,3
DA:17,3
DA:20,3
DA:21,3
DA:22,1
DA:26,2
DA:31,1
DA:34,1
DA:37,1
DA:40,1
DA:52,1
DA:55,1
DA:60,1
DA:66,1
DA:67,1
DA:75,5
DA:76,5
DA:79,5
DA:80,5
DA:81,1
DA:85,4
DA:86,4
DA:87,1
DA:91,3
DA:96,3
DA:99,3
DA:100,1
DA:107,2
DA:110,2
DA:117,2
DA:118,1
DA:119,1
DA:122,2
DA:124,2
DA:138,0
DA:139,0
DA:147,3
DA:148,3
DA:151,3
DA:152,3
DA:153,1
DA:157,2
DA:160,1
DA:163,1
DA:164,1
DA:165,1
DA:167,1
DA:172,1
DA:173,1
DA:181,0
DA:182,0
DA:185,0
DA:190,0
DA:191,0
DA:197,0
DA:198,0
DA:203,0
DA:206,0
DA:207,0
DA:208,0
DA:209,0
DA:211,0
DA:213,0
DA:214,0
DA:222,0
DA:223,0
DA:226,0
DA:227,0
DA:229,0
DA:230,0
DA:234,0
DA:236,0
DA:238,0
DA:244,0
DA:245,0
DA:247,0
DA:252,0
DA:253,0
DA:261,0
DA:262,0
DA:265,0
DA:266,0
DA:267,0
DA:271,0
DA:272,0
DA:276,0
DA:279,0
DA:282,0
DA:283,0
DA:285,0
DA:287,0
DA:288,0
DA:296,0
DA:297,0
DA:298,0
DA:301,0
DA:302,0
DA:303,0
DA:307,0
DA:311,0
DA:312,0
DA:318,0
DA:321,0
DA:324,0
DA:325,0
DA:327,0
DA:329,0
DA:330,0
DA:338,2
DA:339,2
DA:340,2
DA:342,2
DA:343,2
DA:350,2
DA:352,3
DA:355,2
DA:356,1
DA:361,1
DA:366,1
DA:368,0
DA:369,0
DA:380,1
DA:381,0
DA:382,0
DA:385,0
DA:386,0
DA:387,0
DA:394,0
DA:395,0
DA:397,0
DA:399,0
DA:400,0
DA:407,1
LF:139
LH:66
BRDA:21,0,0,1
BRDA:21,0,1,2
BRDA:80,1,0,1
BRDA:80,1,1,4
BRDA:86,2,0,1
BRDA:86,2,1,3
BRDA:99,3,0,1
BRDA:99,3,1,2
BRDA:117,4,0,1
BRDA:117,4,1,1
BRDA:117,5,0,2
BRDA:117,5,1,2
BRDA:152,6,0,1
BRDA:152,6,1,2
BRDA:190,7,0,0
BRDA:190,7,1,0
BRDA:229,8,0,0
BRDA:229,8,1,0
BRDA:236,9,0,0
BRDA:236,9,1,0
BRDA:266,10,0,0
BRDA:266,10,1,0
BRDA:271,11,0,0
BRDA:271,11,1,0
BRDA:302,12,0,0
BRDA:302,12,1,0
BRDA:311,13,0,0
BRDA:311,13,1,0
BRDA:352,14,0,3
BRDA:352,14,1,2
BRDA:355,15,0,1
BRDA:355,15,1,1
BRDA:386,16,0,0
BRDA:386,16,1,0
BRF:34
BRH:18
end_of_record
TN:
SF:models\userModel.js
FNF:0
FNH:0
DA:1,1
DA:3,1
DA:24,1
LF:3
LH:3
BRF:0
BRH:0
end_of_record
TN:
SF:utils\password_utils.js
FN:3,(anonymous_0)
FN:8,(anonymous_1)
FNF:2
FNH:0
FNDA:0,(anonymous_0)
FNDA:0,(anonymous_1)
DA:1,1
DA:3,1
DA:4,0
DA:5,0
DA:8,1
DA:9,0
DA:12,1
LF:7
LH:4
BRF:0
BRH:0
end_of_record
